{
    "meta": {
        "format": 3,
        "version": "7.11.0",
        "timestamp": "2025-10-19T18:29:44.341196",
        "branch_coverage": true,
        "show_contexts": false
    },
    "files": {
        "scripts/__init__.py": {
            "executed_lines": [],
            "summary": {
                "covered_lines": 0,
                "num_statements": 0,
                "percent_covered": 100.0,
                "percent_covered_display": "100",
                "missing_lines": 0,
                "excluded_lines": 0,
                "num_branches": 0,
                "num_partial_branches": 0,
                "covered_branches": 0,
                "missing_branches": 0
            },
            "missing_lines": [],
            "excluded_lines": [],
            "executed_branches": [],
            "missing_branches": [],
            "functions": {
                "": {
                    "executed_lines": [],
                    "summary": {
                        "covered_lines": 0,
                        "num_statements": 0,
                        "percent_covered": 100.0,
                        "percent_covered_display": "100",
                        "missing_lines": 0,
                        "excluded_lines": 0,
                        "num_branches": 0,
                        "num_partial_branches": 0,
                        "covered_branches": 0,
                        "missing_branches": 0
                    },
                    "missing_lines": [],
                    "excluded_lines": [],
                    "executed_branches": [],
                    "missing_branches": []
                }
            },
            "classes": {
                "": {
                    "executed_lines": [],
                    "summary": {
                        "covered_lines": 0,
                        "num_statements": 0,
                        "percent_covered": 100.0,
                        "percent_covered_display": "100",
                        "missing_lines": 0,
                        "excluded_lines": 0,
                        "num_branches": 0,
                        "num_partial_branches": 0,
                        "covered_branches": 0,
                        "missing_branches": 0
                    },
                    "missing_lines": [],
                    "excluded_lines": [],
                    "executed_branches": [],
                    "missing_branches": []
                }
            }
        },
        "scripts/config.py": {
            "executed_lines": [],
            "summary": {
                "covered_lines": 0,
                "num_statements": 108,
                "percent_covered": 0.0,
                "percent_covered_display": "0",
                "missing_lines": 108,
                "excluded_lines": 0,
                "num_branches": 28,
                "num_partial_branches": 0,
                "covered_branches": 0,
                "missing_branches": 28
            },
            "missing_lines": [
                19,
                20,
                21,
                22,
                23,
                25,
                26,
                27,
                28,
                36,
                37,
                38,
                41,
                42,
                45,
                65,
                83,
                86,
                87,
                88,
                89,
                90,
                91,
                94,
                99,
                100,
                102,
                105,
                106,
                107,
                109,
                110,
                111,
                113,
                116,
                117,
                118,
                119,
                122,
                123,
                125,
                126,
                127,
                129,
                136,
                139,
                140,
                141,
                142,
                143,
                145,
                146,
                148,
                149,
                150,
                152,
                161,
                162,
                163,
                164,
                165,
                166,
                168,
                169,
                170,
                171,
                172,
                174,
                176,
                177,
                178,
                181,
                182,
                183,
                184,
                186,
                187,
                188,
                189,
                192,
                193,
                194,
                195,
                196,
                197,
                198,
                200,
                201,
                203,
                204,
                205,
                206,
                207,
                209,
                210,
                211,
                213,
                215,
                216,
                217,
                218,
                219,
                220,
                221,
                222,
                223,
                226,
                227
            ],
            "excluded_lines": [],
            "executed_branches": [],
            "missing_branches": [
                [
                    88,
                    89
                ],
                [
                    88,
                    91
                ],
                [
                    99,
                    100
                ],
                [
                    99,
                    102
                ],
                [
                    109,
                    110
                ],
                [
                    109,
                    113
                ],
                [
                    118,
                    119
                ],
                [
                    118,
                    122
                ],
                [
                    122,
                    123
                ],
                [
                    122,
                    136
                ],
                [
                    126,
                    127
                ],
                [
                    126,
                    129
                ],
                [
                    145,
                    146
                ],
                [
                    145,
                    148
                ],
                [
                    149,
                    150
                ],
                [
                    149,
                    152
                ],
                [
                    168,
                    169
                ],
                [
                    168,
                    174
                ],
                [
                    176,
                    177
                ],
                [
                    176,
                    178
                ],
                [
                    209,
                    210
                ],
                [
                    209,
                    213
                ],
                [
                    215,
                    -192
                ],
                [
                    215,
                    216
                ],
                [
                    216,
                    217
                ],
                [
                    216,
                    218
                ],
                [
                    226,
                    -1
                ],
                [
                    226,
                    227
                ]
            ],
            "functions": {
                "normalize_headers": {
                    "executed_lines": [],
                    "summary": {
                        "covered_lines": 0,
                        "num_statements": 5,
                        "percent_covered": 0.0,
                        "percent_covered_display": "0",
                        "missing_lines": 5,
                        "excluded_lines": 0,
                        "num_branches": 2,
                        "num_partial_branches": 0,
                        "covered_branches": 0,
                        "missing_branches": 2
                    },
                    "missing_lines": [
                        87,
                        88,
                        89,
                        90,
                        91
                    ],
                    "excluded_lines": [],
                    "executed_branches": [],
                    "missing_branches": [
                        [
                            88,
                            89
                        ],
                        [
                            88,
                            91
                        ]
                    ]
                },
                "load_devices": {
                    "executed_lines": [],
                    "summary": {
                        "covered_lines": 0,
                        "num_statements": 21,
                        "percent_covered": 0.0,
                        "percent_covered_display": "0",
                        "missing_lines": 21,
                        "excluded_lines": 0,
                        "num_branches": 10,
                        "num_partial_branches": 0,
                        "covered_branches": 0,
                        "missing_branches": 10
                    },
                    "missing_lines": [
                        99,
                        100,
                        102,
                        105,
                        106,
                        107,
                        109,
                        110,
                        111,
                        113,
                        116,
                        117,
                        118,
                        119,
                        122,
                        123,
                        125,
                        126,
                        127,
                        129,
                        136
                    ],
                    "excluded_lines": [],
                    "executed_branches": [],
                    "missing_branches": [
                        [
                            99,
                            100
                        ],
                        [
                            99,
                            102
                        ],
                        [
                            109,
                            110
                        ],
                        [
                            109,
                            113
                        ],
                        [
                            118,
                            119
                        ],
                        [
                            118,
                            122
                        ],
                        [
                            122,
                            123
                        ],
                        [
                            122,
                            136
                        ],
                        [
                            126,
                            127
                        ],
                        [
                            126,
                            129
                        ]
                    ]
                },
                "fetch_running_config": {
                    "executed_lines": [],
                    "summary": {
                        "covered_lines": 0,
                        "num_statements": 25,
                        "percent_covered": 0.0,
                        "percent_covered_display": "0",
                        "missing_lines": 25,
                        "excluded_lines": 0,
                        "num_branches": 8,
                        "num_partial_branches": 0,
                        "covered_branches": 0,
                        "missing_branches": 8
                    },
                    "missing_lines": [
                        140,
                        141,
                        142,
                        143,
                        145,
                        146,
                        148,
                        149,
                        150,
                        152,
                        161,
                        162,
                        163,
                        164,
                        165,
                        166,
                        168,
                        169,
                        170,
                        171,
                        172,
                        174,
                        176,
                        177,
                        178
                    ],
                    "excluded_lines": [],
                    "executed_branches": [],
                    "missing_branches": [
                        [
                            145,
                            146
                        ],
                        [
                            145,
                            148
                        ],
                        [
                            149,
                            150
                        ],
                        [
                            149,
                            152
                        ],
                        [
                            168,
                            169
                        ],
                        [
                            168,
                            174
                        ],
                        [
                            176,
                            177
                        ],
                        [
                            176,
                            178
                        ]
                    ]
                },
                "save_config": {
                    "executed_lines": [],
                    "summary": {
                        "covered_lines": 0,
                        "num_statements": 7,
                        "percent_covered": 0.0,
                        "percent_covered_display": "0",
                        "missing_lines": 7,
                        "excluded_lines": 0,
                        "num_branches": 0,
                        "num_partial_branches": 0,
                        "covered_branches": 0,
                        "missing_branches": 0
                    },
                    "missing_lines": [
                        182,
                        183,
                        184,
                        186,
                        187,
                        188,
                        189
                    ],
                    "excluded_lines": [],
                    "executed_branches": [],
                    "missing_branches": []
                },
                "main": {
                    "executed_lines": [],
                    "summary": {
                        "covered_lines": 0,
                        "num_statements": 26,
                        "percent_covered": 0.0,
                        "percent_covered_display": "0",
                        "missing_lines": 26,
                        "excluded_lines": 0,
                        "num_branches": 6,
                        "num_partial_branches": 0,
                        "covered_branches": 0,
                        "missing_branches": 6
                    },
                    "missing_lines": [
                        193,
                        194,
                        195,
                        196,
                        197,
                        198,
                        200,
                        201,
                        203,
                        204,
                        205,
                        206,
                        207,
                        209,
                        210,
                        211,
                        213,
                        215,
                        216,
                        217,
                        218,
                        219,
                        220,
                        221,
                        222,
                        223
                    ],
                    "excluded_lines": [],
                    "executed_branches": [],
                    "missing_branches": [
                        [
                            209,
                            210
                        ],
                        [
                            209,
                            213
                        ],
                        [
                            215,
                            -192
                        ],
                        [
                            215,
                            216
                        ],
                        [
                            216,
                            217
                        ],
                        [
                            216,
                            218
                        ]
                    ]
                },
                "": {
                    "executed_lines": [],
                    "summary": {
                        "covered_lines": 0,
                        "num_statements": 24,
                        "percent_covered": 0.0,
                        "percent_covered_display": "0",
                        "missing_lines": 24,
                        "excluded_lines": 0,
                        "num_branches": 2,
                        "num_partial_branches": 0,
                        "covered_branches": 0,
                        "missing_branches": 2
                    },
                    "missing_lines": [
                        19,
                        20,
                        21,
                        22,
                        23,
                        25,
                        26,
                        27,
                        28,
                        36,
                        37,
                        38,
                        41,
                        42,
                        45,
                        65,
                        83,
                        86,
                        94,
                        139,
                        181,
                        192,
                        226,
                        227
                    ],
                    "excluded_lines": [],
                    "executed_branches": [],
                    "missing_branches": [
                        [
                            226,
                            -1
                        ],
                        [
                            226,
                            227
                        ]
                    ]
                }
            },
            "classes": {
                "": {
                    "executed_lines": [],
                    "summary": {
                        "covered_lines": 0,
                        "num_statements": 108,
                        "percent_covered": 0.0,
                        "percent_covered_display": "0",
                        "missing_lines": 108,
                        "excluded_lines": 0,
                        "num_branches": 28,
                        "num_partial_branches": 0,
                        "covered_branches": 0,
                        "missing_branches": 28
                    },
                    "missing_lines": [
                        19,
                        20,
                        21,
                        22,
                        23,
                        25,
                        26,
                        27,
                        28,
                        36,
                        37,
                        38,
                        41,
                        42,
                        45,
                        65,
                        83,
                        86,
                        87,
                        88,
                        89,
                        90,
                        91,
                        94,
                        99,
                        100,
                        102,
                        105,
                        106,
                        107,
                        109,
                        110,
                        111,
                        113,
                        116,
                        117,
                        118,
                        119,
                        122,
                        123,
                        125,
                        126,
                        127,
                        129,
                        136,
                        139,
                        140,
                        141,
                        142,
                        143,
                        145,
                        146,
                        148,
                        149,
                        150,
                        152,
                        161,
                        162,
                        163,
                        164,
                        165,
                        166,
                        168,
                        169,
                        170,
                        171,
                        172,
                        174,
                        176,
                        177,
                        178,
                        181,
                        182,
                        183,
                        184,
                        186,
                        187,
                        188,
                        189,
                        192,
                        193,
                        194,
                        195,
                        196,
                        197,
                        198,
                        200,
                        201,
                        203,
                        204,
                        205,
                        206,
                        207,
                        209,
                        210,
                        211,
                        213,
                        215,
                        216,
                        217,
                        218,
                        219,
                        220,
                        221,
                        222,
                        223,
                        226,
                        227
                    ],
                    "excluded_lines": [],
                    "executed_branches": [],
                    "missing_branches": [
                        [
                            88,
                            89
                        ],
                        [
                            88,
                            91
                        ],
                        [
                            99,
                            100
                        ],
                        [
                            99,
                            102
                        ],
                        [
                            109,
                            110
                        ],
                        [
                            109,
                            113
                        ],
                        [
                            118,
                            119
                        ],
                        [
                            118,
                            122
                        ],
                        [
                            122,
                            123
                        ],
                        [
                            122,
                            136
                        ],
                        [
                            126,
                            127
                        ],
                        [
                            126,
                            129
                        ],
                        [
                            145,
                            146
                        ],
                        [
                            145,
                            148
                        ],
                        [
                            149,
                            150
                        ],
                        [
                            149,
                            152
                        ],
                        [
                            168,
                            169
                        ],
                        [
                            168,
                            174
                        ],
                        [
                            176,
                            177
                        ],
                        [
                            176,
                            178
                        ],
                        [
                            209,
                            210
                        ],
                        [
                            209,
                            213
                        ],
                        [
                            215,
                            -192
                        ],
                        [
                            215,
                            216
                        ],
                        [
                            216,
                            217
                        ],
                        [
                            216,
                            218
                        ],
                        [
                            226,
                            -1
                        ],
                        [
                            226,
                            227
                        ]
                    ]
                }
            }
        },
        "scripts/coverage_summary.py": {
            "executed_lines": [],
            "summary": {
                "covered_lines": 0,
                "num_statements": 72,
                "percent_covered": 0.0,
                "percent_covered_display": "0",
                "missing_lines": 72,
                "excluded_lines": 0,
                "num_branches": 24,
                "num_partial_branches": 0,
                "covered_branches": 0,
                "missing_branches": 24
            },
            "missing_lines": [
                2,
                3,
                6,
                9,
                10,
                12,
                13,
                14,
                15,
                17,
                18,
                20,
                21,
                22,
                24,
                25,
                26,
                29,
                30,
                32,
                33,
                34,
                36,
                37,
                38,
                40,
                41,
                43,
                44,
                45,
                48,
                49,
                50,
                52,
                53,
                54,
                55,
                56,
                57,
                58,
                59,
                60,
                61,
                64,
                65,
                66,
                67,
                68,
                69,
                71,
                72,
                73,
                74,
                75,
                77,
                78,
                80,
                81,
                83,
                84,
                86,
                87,
                88,
                89,
                90,
                91,
                92,
                93,
                94,
                96,
                98,
                99
            ],
            "excluded_lines": [],
            "executed_branches": [],
            "missing_branches": [
                [
                    13,
                    14
                ],
                [
                    13,
                    17
                ],
                [
                    25,
                    26
                ],
                [
                    25,
                    83
                ],
                [
                    29,
                    30
                ],
                [
                    29,
                    32
                ],
                [
                    44,
                    45
                ],
                [
                    44,
                    48
                ],
                [
                    65,
                    66
                ],
                [
                    65,
                    71
                ],
                [
                    66,
                    67
                ],
                [
                    66,
                    69
                ],
                [
                    71,
                    25
                ],
                [
                    71,
                    72
                ],
                [
                    74,
                    75
                ],
                [
                    74,
                    77
                ],
                [
                    87,
                    88
                ],
                [
                    87,
                    90
                ],
                [
                    90,
                    91
                ],
                [
                    90,
                    96
                ],
                [
                    92,
                    93
                ],
                [
                    92,
                    94
                ],
                [
                    98,
                    -1
                ],
                [
                    98,
                    99
                ]
            ],
            "functions": {
                "main": {
                    "executed_lines": [],
                    "summary": {
                        "covered_lines": 0,
                        "num_statements": 60,
                        "percent_covered": 0.0,
                        "percent_covered_display": "0",
                        "missing_lines": 60,
                        "excluded_lines": 0,
                        "num_branches": 22,
                        "num_partial_branches": 0,
                        "covered_branches": 0,
                        "missing_branches": 22
                    },
                    "missing_lines": [
                        13,
                        14,
                        15,
                        17,
                        18,
                        20,
                        21,
                        22,
                        24,
                        25,
                        26,
                        29,
                        30,
                        32,
                        33,
                        34,
                        36,
                        37,
                        38,
                        40,
                        41,
                        43,
                        44,
                        45,
                        48,
                        49,
                        50,
                        52,
                        53,
                        54,
                        57,
                        60,
                        61,
                        64,
                        65,
                        66,
                        67,
                        68,
                        69,
                        71,
                        72,
                        73,
                        74,
                        75,
                        77,
                        78,
                        80,
                        81,
                        83,
                        84,
                        86,
                        87,
                        88,
                        89,
                        90,
                        91,
                        92,
                        93,
                        94,
                        96
                    ],
                    "excluded_lines": [],
                    "executed_branches": [],
                    "missing_branches": [
                        [
                            13,
                            14
                        ],
                        [
                            13,
                            17
                        ],
                        [
                            25,
                            26
                        ],
                        [
                            25,
                            83
                        ],
                        [
                            29,
                            30
                        ],
                        [
                            29,
                            32
                        ],
                        [
                            44,
                            45
                        ],
                        [
                            44,
                            48
                        ],
                        [
                            65,
                            66
                        ],
                        [
                            65,
                            71
                        ],
                        [
                            66,
                            67
                        ],
                        [
                            66,
                            69
                        ],
                        [
                            71,
                            25
                        ],
                        [
                            71,
                            72
                        ],
                        [
                            74,
                            75
                        ],
                        [
                            74,
                            77
                        ],
                        [
                            87,
                            88
                        ],
                        [
                            87,
                            90
                        ],
                        [
                            90,
                            91
                        ],
                        [
                            90,
                            96
                        ],
                        [
                            92,
                            93
                        ],
                        [
                            92,
                            94
                        ]
                    ]
                },
                "main.V.visit_FunctionDef": {
                    "executed_lines": [],
                    "summary": {
                        "covered_lines": 0,
                        "num_statements": 2,
                        "percent_covered": 0.0,
                        "percent_covered_display": "0",
                        "missing_lines": 2,
                        "excluded_lines": 0,
                        "num_branches": 0,
                        "num_partial_branches": 0,
                        "covered_branches": 0,
                        "missing_branches": 0
                    },
                    "missing_lines": [
                        55,
                        56
                    ],
                    "excluded_lines": [],
                    "executed_branches": [],
                    "missing_branches": []
                },
                "main.V.visit_AsyncFunctionDef": {
                    "executed_lines": [],
                    "summary": {
                        "covered_lines": 0,
                        "num_statements": 2,
                        "percent_covered": 0.0,
                        "percent_covered_display": "0",
                        "missing_lines": 2,
                        "excluded_lines": 0,
                        "num_branches": 0,
                        "num_partial_branches": 0,
                        "covered_branches": 0,
                        "missing_branches": 0
                    },
                    "missing_lines": [
                        58,
                        59
                    ],
                    "excluded_lines": [],
                    "executed_branches": [],
                    "missing_branches": []
                },
                "": {
                    "executed_lines": [],
                    "summary": {
                        "covered_lines": 0,
                        "num_statements": 8,
                        "percent_covered": 0.0,
                        "percent_covered_display": "0",
                        "missing_lines": 8,
                        "excluded_lines": 0,
                        "num_branches": 2,
                        "num_partial_branches": 0,
                        "covered_branches": 0,
                        "missing_branches": 2
                    },
                    "missing_lines": [
                        2,
                        3,
                        6,
                        9,
                        10,
                        12,
                        98,
                        99
                    ],
                    "excluded_lines": [],
                    "executed_branches": [],
                    "missing_branches": [
                        [
                            98,
                            -1
                        ],
                        [
                            98,
                            99
                        ]
                    ]
                }
            },
            "classes": {
                "main.V": {
                    "executed_lines": [],
                    "summary": {
                        "covered_lines": 0,
                        "num_statements": 4,
                        "percent_covered": 0.0,
                        "percent_covered_display": "0",
                        "missing_lines": 4,
                        "excluded_lines": 0,
                        "num_branches": 0,
                        "num_partial_branches": 0,
                        "covered_branches": 0,
                        "missing_branches": 0
                    },
                    "missing_lines": [
                        55,
                        56,
                        58,
                        59
                    ],
                    "excluded_lines": [],
                    "executed_branches": [],
                    "missing_branches": []
                },
                "": {
                    "executed_lines": [],
                    "summary": {
                        "covered_lines": 0,
                        "num_statements": 68,
                        "percent_covered": 0.0,
                        "percent_covered_display": "0",
                        "missing_lines": 68,
                        "excluded_lines": 0,
                        "num_branches": 24,
                        "num_partial_branches": 0,
                        "covered_branches": 0,
                        "missing_branches": 24
                    },
                    "missing_lines": [
                        2,
                        3,
                        6,
                        9,
                        10,
                        12,
                        13,
                        14,
                        15,
                        17,
                        18,
                        20,
                        21,
                        22,
                        24,
                        25,
                        26,
                        29,
                        30,
                        32,
                        33,
                        34,
                        36,
                        37,
                        38,
                        40,
                        41,
                        43,
                        44,
                        45,
                        48,
                        49,
                        50,
                        52,
                        53,
                        54,
                        57,
                        60,
                        61,
                        64,
                        65,
                        66,
                        67,
                        68,
                        69,
                        71,
                        72,
                        73,
                        74,
                        75,
                        77,
                        78,
                        80,
                        81,
                        83,
                        84,
                        86,
                        87,
                        88,
                        89,
                        90,
                        91,
                        92,
                        93,
                        94,
                        96,
                        98,
                        99
                    ],
                    "excluded_lines": [],
                    "executed_branches": [],
                    "missing_branches": [
                        [
                            13,
                            14
                        ],
                        [
                            13,
                            17
                        ],
                        [
                            25,
                            26
                        ],
                        [
                            25,
                            83
                        ],
                        [
                            29,
                            30
                        ],
                        [
                            29,
                            32
                        ],
                        [
                            44,
                            45
                        ],
                        [
                            44,
                            48
                        ],
                        [
                            65,
                            66
                        ],
                        [
                            65,
                            71
                        ],
                        [
                            66,
                            67
                        ],
                        [
                            66,
                            69
                        ],
                        [
                            71,
                            25
                        ],
                        [
                            71,
                            72
                        ],
                        [
                            74,
                            75
                        ],
                        [
                            74,
                            77
                        ],
                        [
                            87,
                            88
                        ],
                        [
                            87,
                            90
                        ],
                        [
                            90,
                            91
                        ],
                        [
                            90,
                            96
                        ],
                        [
                            92,
                            93
                        ],
                        [
                            92,
                            94
                        ],
                        [
                            98,
                            -1
                        ],
                        [
                            98,
                            99
                        ]
                    ]
                }
            }
        },
        "scripts/health_check.py": {
            "executed_lines": [
                4,
                5,
                6,
                7,
                8,
                9,
                10,
                11,
                12,
                13,
                14,
                15,
                17,
                19,
                24,
                29,
                30,
                31,
                32,
                33,
                34,
                39,
                40,
                41,
                43,
                49,
                52,
                60,
                79,
                87,
                96,
                153,
                177
            ],
            "summary": {
                "covered_lines": 33,
                "num_statements": 104,
                "percent_covered": 31.451612903225808,
                "percent_covered_display": "31",
                "missing_lines": 71,
                "excluded_lines": 0,
                "num_branches": 20,
                "num_partial_branches": 4,
                "covered_branches": 6,
                "missing_branches": 14
            },
            "missing_lines": [
                35,
                38,
                42,
                50,
                51,
                53,
                54,
                55,
                56,
                57,
                58,
                64,
                76,
                77,
                80,
                82,
                83,
                84,
                85,
                93,
                94,
                97,
                98,
                100,
                101,
                102,
                104,
                105,
                106,
                110,
                111,
                112,
                115,
                117,
                118,
                119,
                121,
                122,
                123,
                124,
                125,
                128,
                129,
                132,
                133,
                134,
                135,
                136,
                139,
                140,
                142,
                144,
                145,
                146,
                147,
                149,
                150,
                151,
                155,
                156,
                157,
                159,
                160,
                162,
                163,
                171,
                172,
                173,
                174,
                175,
                178
            ],
            "excluded_lines": [],
            "executed_branches": [
                [
                    34,
                    39
                ],
                [
                    39,
                    40
                ],
                [
                    39,
                    49
                ],
                [
                    41,
                    43
                ],
                [
                    49,
                    52
                ],
                [
                    177,
                    -1
                ]
            ],
            "missing_branches": [
                [
                    34,
                    35
                ],
                [
                    41,
                    42
                ],
                [
                    49,
                    50
                ],
                [
                    118,
                    119
                ],
                [
                    118,
                    125
                ],
                [
                    121,
                    122
                ],
                [
                    121,
                    123
                ],
                [
                    123,
                    118
                ],
                [
                    123,
                    124
                ],
                [
                    133,
                    134
                ],
                [
                    133,
                    136
                ],
                [
                    172,
                    173
                ],
                [
                    172,
                    175
                ],
                [
                    177,
                    178
                ]
            ],
            "functions": {
                "load_ssh_info": {
                    "executed_lines": [
                        29,
                        30,
                        31,
                        32,
                        33,
                        34,
                        39,
                        40,
                        41,
                        43,
                        49,
                        52
                    ],
                    "summary": {
                        "covered_lines": 12,
                        "num_statements": 23,
                        "percent_covered": 54.83870967741935,
                        "percent_covered_display": "55",
                        "missing_lines": 11,
                        "excluded_lines": 0,
                        "num_branches": 8,
                        "num_partial_branches": 3,
                        "covered_branches": 5,
                        "missing_branches": 3
                    },
                    "missing_lines": [
                        35,
                        38,
                        42,
                        50,
                        51,
                        53,
                        54,
                        55,
                        56,
                        57,
                        58
                    ],
                    "excluded_lines": [],
                    "executed_branches": [
                        [
                            34,
                            39
                        ],
                        [
                            39,
                            40
                        ],
                        [
                            39,
                            49
                        ],
                        [
                            41,
                            43
                        ],
                        [
                            49,
                            52
                        ]
                    ],
                    "missing_branches": [
                        [
                            34,
                            35
                        ],
                        [
                            41,
                            42
                        ],
                        [
                            49,
                            50
                        ]
                    ]
                },
                "connect": {
                    "executed_lines": [],
                    "summary": {
                        "covered_lines": 0,
                        "num_statements": 3,
                        "percent_covered": 0.0,
                        "percent_covered_display": "0",
                        "missing_lines": 3,
                        "excluded_lines": 0,
                        "num_branches": 0,
                        "num_partial_branches": 0,
                        "covered_branches": 0,
                        "missing_branches": 0
                    },
                    "missing_lines": [
                        64,
                        76,
                        77
                    ],
                    "excluded_lines": [],
                    "executed_branches": [],
                    "missing_branches": []
                },
                "run_cmd": {
                    "executed_lines": [],
                    "summary": {
                        "covered_lines": 0,
                        "num_statements": 5,
                        "percent_covered": 0.0,
                        "percent_covered_display": "0",
                        "missing_lines": 5,
                        "excluded_lines": 0,
                        "num_branches": 0,
                        "num_partial_branches": 0,
                        "covered_branches": 0,
                        "missing_branches": 0
                    },
                    "missing_lines": [
                        80,
                        82,
                        83,
                        84,
                        85
                    ],
                    "excluded_lines": [],
                    "executed_branches": [],
                    "missing_branches": []
                },
                "extract_cpu_sy": {
                    "executed_lines": [],
                    "summary": {
                        "covered_lines": 0,
                        "num_statements": 2,
                        "percent_covered": 0.0,
                        "percent_covered_display": "0",
                        "missing_lines": 2,
                        "excluded_lines": 0,
                        "num_branches": 0,
                        "num_partial_branches": 0,
                        "covered_branches": 0,
                        "missing_branches": 0
                    },
                    "missing_lines": [
                        93,
                        94
                    ],
                    "excluded_lines": [],
                    "executed_branches": [],
                    "missing_branches": []
                },
                "health_check_one": {
                    "executed_lines": [],
                    "summary": {
                        "covered_lines": 0,
                        "num_statements": 37,
                        "percent_covered": 0.0,
                        "percent_covered_display": "0",
                        "missing_lines": 37,
                        "excluded_lines": 0,
                        "num_branches": 8,
                        "num_partial_branches": 0,
                        "covered_branches": 0,
                        "missing_branches": 8
                    },
                    "missing_lines": [
                        97,
                        98,
                        100,
                        101,
                        102,
                        104,
                        105,
                        106,
                        110,
                        111,
                        112,
                        115,
                        117,
                        118,
                        119,
                        121,
                        122,
                        123,
                        124,
                        125,
                        128,
                        129,
                        132,
                        133,
                        134,
                        135,
                        136,
                        139,
                        140,
                        142,
                        144,
                        145,
                        146,
                        147,
                        149,
                        150,
                        151
                    ],
                    "excluded_lines": [],
                    "executed_branches": [],
                    "missing_branches": [
                        [
                            118,
                            119
                        ],
                        [
                            118,
                            125
                        ],
                        [
                            121,
                            122
                        ],
                        [
                            121,
                            123
                        ],
                        [
                            123,
                            118
                        ],
                        [
                            123,
                            124
                        ],
                        [
                            133,
                            134
                        ],
                        [
                            133,
                            136
                        ]
                    ]
                },
                "main": {
                    "executed_lines": [],
                    "summary": {
                        "covered_lines": 0,
                        "num_statements": 12,
                        "percent_covered": 0.0,
                        "percent_covered_display": "0",
                        "missing_lines": 12,
                        "excluded_lines": 0,
                        "num_branches": 2,
                        "num_partial_branches": 0,
                        "covered_branches": 0,
                        "missing_branches": 2
                    },
                    "missing_lines": [
                        155,
                        156,
                        157,
                        159,
                        160,
                        162,
                        163,
                        171,
                        172,
                        173,
                        174,
                        175
                    ],
                    "excluded_lines": [],
                    "executed_branches": [],
                    "missing_branches": [
                        [
                            172,
                            173
                        ],
                        [
                            172,
                            175
                        ]
                    ]
                },
                "": {
                    "executed_lines": [
                        4,
                        5,
                        6,
                        7,
                        8,
                        9,
                        10,
                        11,
                        12,
                        13,
                        14,
                        15,
                        17,
                        19,
                        24,
                        60,
                        79,
                        87,
                        96,
                        153,
                        177
                    ],
                    "summary": {
                        "covered_lines": 21,
                        "num_statements": 22,
                        "percent_covered": 91.66666666666667,
                        "percent_covered_display": "92",
                        "missing_lines": 1,
                        "excluded_lines": 0,
                        "num_branches": 2,
                        "num_partial_branches": 1,
                        "covered_branches": 1,
                        "missing_branches": 1
                    },
                    "missing_lines": [
                        178
                    ],
                    "excluded_lines": [],
                    "executed_branches": [
                        [
                            177,
                            -1
                        ]
                    ],
                    "missing_branches": [
                        [
                            177,
                            178
                        ]
                    ]
                }
            },
            "classes": {
                "": {
                    "executed_lines": [
                        4,
                        5,
                        6,
                        7,
                        8,
                        9,
                        10,
                        11,
                        12,
                        13,
                        14,
                        15,
                        17,
                        19,
                        24,
                        29,
                        30,
                        31,
                        32,
                        33,
                        34,
                        39,
                        40,
                        41,
                        43,
                        49,
                        52,
                        60,
                        79,
                        87,
                        96,
                        153,
                        177
                    ],
                    "summary": {
                        "covered_lines": 33,
                        "num_statements": 104,
                        "percent_covered": 31.451612903225808,
                        "percent_covered_display": "31",
                        "missing_lines": 71,
                        "excluded_lines": 0,
                        "num_branches": 20,
                        "num_partial_branches": 4,
                        "covered_branches": 6,
                        "missing_branches": 14
                    },
                    "missing_lines": [
                        35,
                        38,
                        42,
                        50,
                        51,
                        53,
                        54,
                        55,
                        56,
                        57,
                        58,
                        64,
                        76,
                        77,
                        80,
                        82,
                        83,
                        84,
                        85,
                        93,
                        94,
                        97,
                        98,
                        100,
                        101,
                        102,
                        104,
                        105,
                        106,
                        110,
                        111,
                        112,
                        115,
                        117,
                        118,
                        119,
                        121,
                        122,
                        123,
                        124,
                        125,
                        128,
                        129,
                        132,
                        133,
                        134,
                        135,
                        136,
                        139,
                        140,
                        142,
                        144,
                        145,
                        146,
                        147,
                        149,
                        150,
                        151,
                        155,
                        156,
                        157,
                        159,
                        160,
                        162,
                        163,
                        171,
                        172,
                        173,
                        174,
                        175,
                        178
                    ],
                    "excluded_lines": [],
                    "executed_branches": [
                        [
                            34,
                            39
                        ],
                        [
                            39,
                            40
                        ],
                        [
                            39,
                            49
                        ],
                        [
                            41,
                            43
                        ],
                        [
                            49,
                            52
                        ],
                        [
                            177,
                            -1
                        ]
                    ],
                    "missing_branches": [
                        [
                            34,
                            35
                        ],
                        [
                            41,
                            42
                        ],
                        [
                            49,
                            50
                        ],
                        [
                            118,
                            119
                        ],
                        [
                            118,
                            125
                        ],
                        [
                            121,
                            122
                        ],
                        [
                            121,
                            123
                        ],
                        [
                            123,
                            118
                        ],
                        [
                            123,
                            124
                        ],
                        [
                            133,
                            134
                        ],
                        [
                            133,
                            136
                        ],
                        [
                            172,
                            173
                        ],
                        [
                            172,
                            175
                        ],
                        [
                            177,
                            178
                        ]
                    ]
                }
            }
        },
        "scripts/ping_webserver.py": {
            "executed_lines": [],
            "summary": {
                "covered_lines": 0,
                "num_statements": 69,
                "percent_covered": 0.0,
                "percent_covered_display": "0",
                "missing_lines": 69,
                "excluded_lines": 0,
                "num_branches": 20,
                "num_partial_branches": 0,
                "covered_branches": 0,
                "missing_branches": 20
            },
            "missing_lines": [
                2,
                3,
                4,
                5,
                6,
                7,
                9,
                10,
                11,
                12,
                13,
                20,
                22,
                27,
                28,
                29,
                30,
                32,
                33,
                34,
                35,
                36,
                38,
                39,
                40,
                42,
                43,
                45,
                46,
                48,
                49,
                50,
                52,
                54,
                55,
                56,
                57,
                58,
                59,
                60,
                62,
                63,
                64,
                66,
                68,
                69,
                70,
                71,
                72,
                78,
                79,
                80,
                81,
                82,
                83,
                84,
                86,
                87,
                88,
                89,
                90,
                91,
                92,
                93,
                94,
                97,
                98,
                100,
                101
            ],
            "excluded_lines": [],
            "executed_branches": [],
            "missing_branches": [
                [
                    12,
                    13
                ],
                [
                    12,
                    20
                ],
                [
                    28,
                    29
                ],
                [
                    28,
                    30
                ],
                [
                    33,
                    34
                ],
                [
                    33,
                    52
                ],
                [
                    39,
                    40
                ],
                [
                    39,
                    42
                ],
                [
                    42,
                    43
                ],
                [
                    42,
                    45
                ],
                [
                    45,
                    46
                ],
                [
                    45,
                    48
                ],
                [
                    68,
                    69
                ],
                [
                    68,
                    97
                ],
                [
                    83,
                    84
                ],
                [
                    83,
                    86
                ],
                [
                    97,
                    -54
                ],
                [
                    97,
                    98
                ],
                [
                    100,
                    -1
                ],
                [
                    100,
                    101
                ]
            ],
            "functions": {
                "read_devices": {
                    "executed_lines": [],
                    "summary": {
                        "covered_lines": 0,
                        "num_statements": 5,
                        "percent_covered": 0.0,
                        "percent_covered_display": "0",
                        "missing_lines": 5,
                        "excluded_lines": 0,
                        "num_branches": 2,
                        "num_partial_branches": 0,
                        "covered_branches": 0,
                        "missing_branches": 2
                    },
                    "missing_lines": [
                        10,
                        11,
                        12,
                        13,
                        20
                    ],
                    "excluded_lines": [],
                    "executed_branches": [],
                    "missing_branches": [
                        [
                            12,
                            13
                        ],
                        [
                            12,
                            20
                        ]
                    ]
                },
                "send_eos_ping": {
                    "executed_lines": [],
                    "summary": {
                        "covered_lines": 0,
                        "num_statements": 20,
                        "percent_covered": 0.0,
                        "percent_covered_display": "0",
                        "missing_lines": 20,
                        "excluded_lines": 0,
                        "num_branches": 10,
                        "num_partial_branches": 0,
                        "covered_branches": 0,
                        "missing_branches": 10
                    },
                    "missing_lines": [
                        27,
                        28,
                        29,
                        30,
                        32,
                        33,
                        34,
                        35,
                        36,
                        38,
                        39,
                        40,
                        42,
                        43,
                        45,
                        46,
                        48,
                        49,
                        50,
                        52
                    ],
                    "excluded_lines": [],
                    "executed_branches": [],
                    "missing_branches": [
                        [
                            28,
                            29
                        ],
                        [
                            28,
                            30
                        ],
                        [
                            33,
                            34
                        ],
                        [
                            33,
                            52
                        ],
                        [
                            39,
                            40
                        ],
                        [
                            39,
                            42
                        ],
                        [
                            42,
                            43
                        ],
                        [
                            42,
                            45
                        ],
                        [
                            45,
                            46
                        ],
                        [
                            45,
                            48
                        ]
                    ]
                },
                "main": {
                    "executed_lines": [],
                    "summary": {
                        "covered_lines": 0,
                        "num_statements": 33,
                        "percent_covered": 0.0,
                        "percent_covered_display": "0",
                        "missing_lines": 33,
                        "excluded_lines": 0,
                        "num_branches": 6,
                        "num_partial_branches": 0,
                        "covered_branches": 0,
                        "missing_branches": 6
                    },
                    "missing_lines": [
                        55,
                        56,
                        57,
                        58,
                        59,
                        60,
                        62,
                        63,
                        64,
                        66,
                        68,
                        69,
                        70,
                        71,
                        72,
                        78,
                        79,
                        80,
                        81,
                        82,
                        83,
                        84,
                        86,
                        87,
                        88,
                        89,
                        90,
                        91,
                        92,
                        93,
                        94,
                        97,
                        98
                    ],
                    "excluded_lines": [],
                    "executed_branches": [],
                    "missing_branches": [
                        [
                            68,
                            69
                        ],
                        [
                            68,
                            97
                        ],
                        [
                            83,
                            84
                        ],
                        [
                            83,
                            86
                        ],
                        [
                            97,
                            -54
                        ],
                        [
                            97,
                            98
                        ]
                    ]
                },
                "": {
                    "executed_lines": [],
                    "summary": {
                        "covered_lines": 0,
                        "num_statements": 11,
                        "percent_covered": 0.0,
                        "percent_covered_display": "0",
                        "missing_lines": 11,
                        "excluded_lines": 0,
                        "num_branches": 2,
                        "num_partial_branches": 0,
                        "covered_branches": 0,
                        "missing_branches": 2
                    },
                    "missing_lines": [
                        2,
                        3,
                        4,
                        5,
                        6,
                        7,
                        9,
                        22,
                        54,
                        100,
                        101
                    ],
                    "excluded_lines": [],
                    "executed_branches": [],
                    "missing_branches": [
                        [
                            100,
                            -1
                        ],
                        [
                            100,
                            101
                        ]
                    ]
                }
            },
            "classes": {
                "": {
                    "executed_lines": [],
                    "summary": {
                        "covered_lines": 0,
                        "num_statements": 69,
                        "percent_covered": 0.0,
                        "percent_covered_display": "0",
                        "missing_lines": 69,
                        "excluded_lines": 0,
                        "num_branches": 20,
                        "num_partial_branches": 0,
                        "covered_branches": 0,
                        "missing_branches": 20
                    },
                    "missing_lines": [
                        2,
                        3,
                        4,
                        5,
                        6,
                        7,
                        9,
                        10,
                        11,
                        12,
                        13,
                        20,
                        22,
                        27,
                        28,
                        29,
                        30,
                        32,
                        33,
                        34,
                        35,
                        36,
                        38,
                        39,
                        40,
                        42,
                        43,
                        45,
                        46,
[...]
                        ],
                        [
                            100,
                            101
                        ]
                    ]
                }
            }
        },
        "scripts/update_passwords_daily.py": {
            "executed_lines": [],
            "summary": {
                "covered_lines": 0,
                "num_statements": 83,
                "percent_covered": 0.0,
                "percent_covered_display": "0",
                "missing_lines": 83,
                "excluded_lines": 0,
                "num_branches": 18,
                "num_partial_branches": 0,
                "covered_branches": 0,
                "missing_branches": 18
            },
            "missing_lines": [
                3,
                4,
                5,
                6,
                7,
                8,
                10,
                12,
                14,
                16,
                18,
                19,
                20,
                21,
                22,
                23,
                24,
                25,
                26,
                28,
                30,
                31,
                32,
                33,
                35,
                36,
                37,
                39,
                40,
                41,
                42,
                44,
                46,
                48,
                49,
                50,
                51,
                52,
                53,
                55,
                57,
                58,
                60,
                61,
                62,
                65,
                66,
                67,
                68,
                69,
                71,
                72,
                73,
                74,
                76,
                77,
                78,
                79,
                81,
                82,
                87,
                88,
                89,
                91,
                92,
                94,
                95,
                96,
                97,
                98,
                100,
                109,
                110,
                111,
                113,
                114,
                115,
                116,
                118,
                120,
                121,
                123,
                124
            ],
            "excluded_lines": [],
            "executed_branches": [],
            "missing_branches": [
                [
                    22,
                    23
                ],
                [
                    22,
                    24
                ],
                [
                    24,
                    25
                ],
                [
                    24,
                    26
                ],
                [
                    35,
                    36
                ],
                [
                    35,
                    39
                ],
                [
                    36,
                    35
                ],
                [
                    36,
                    37
                ],
                [
                    87,
                    88
                ],
                [
                    87,
                    91
                ],
                [
                    94,
                    95
                ],
                [
                    94,
                    120
                ],
                [
                    110,
                    111
                ],
                [
                    110,
                    113
                ],
                [
                    114,
                    115
                ],
                [
                    114,
                    118
                ],
                [
                    123,
                    -1
                ],
                [
                    123,
                    124
                ]
            ],
            "functions": {
                "generatePassword": {
                    "executed_lines": [],
                    "summary": {
                        "covered_lines": 0,
                        "num_statements": 1,
                        "percent_covered": 0.0,
                        "percent_covered_display": "0",
                        "missing_lines": 1,
                        "excluded_lines": 0,
                        "num_branches": 0,
                        "num_partial_branches": 0,
                        "covered_branches": 0,
                        "missing_branches": 0
                    },
                    "missing_lines": [
                        14
                    ],
                    "excluded_lines": [],
                    "executed_branches": [],
                    "missing_branches": []
                },
                "load_credentials": {
                    "executed_lines": [],
                    "summary": {
                        "covered_lines": 0,
                        "num_statements": 9,
                        "percent_covered": 0.0,
                        "percent_covered_display": "0",
                        "missing_lines": 9,
                        "excluded_lines": 0,
                        "num_branches": 4,
                        "num_partial_branches": 0,
                        "covered_branches": 0,
                        "missing_branches": 4
                    },
                    "missing_lines": [
                        18,
                        19,
                        20,
                        21,
                        22,
                        23,
                        24,
                        25,
                        26
                    ],
                    "excluded_lines": [],
                    "executed_branches": [],
                    "missing_branches": [
                        [
                            22,
                            23
                        ],
                        [
                            22,
                            24
                        ],
                        [
                            24,
                            25
                        ],
                        [
                            24,
                            26
                        ]
                    ]
                },
                "updatePasswordFile": {
                    "executed_lines": [],
                    "summary": {
                        "covered_lines": 0,
                        "num_statements": 11,
                        "percent_covered": 0.0,
                        "percent_covered_display": "0",
                        "missing_lines": 11,
                        "excluded_lines": 0,
                        "num_branches": 4,
                        "num_partial_branches": 0,
                        "covered_branches": 0,
                        "missing_branches": 4
                    },
                    "missing_lines": [
                        30,
                        31,
                        32,
                        33,
                        35,
                        36,
                        37,
                        39,
                        40,
                        41,
                        42
                    ],
                    "excluded_lines": [],
                    "executed_branches": [],
                    "missing_branches": [
                        [
                            35,
                            36
                        ],
                        [
                            35,
                            39
                        ],
                        [
                            36,
                            35
                        ],
                        [
                            36,
                            37
                        ]
                    ]
                },
                "connectRouter": {
                    "executed_lines": [],
                    "summary": {
                        "covered_lines": 0,
                        "num_statements": 7,
                        "percent_covered": 0.0,
                        "percent_covered_display": "0",
                        "missing_lines": 7,
                        "excluded_lines": 0,
                        "num_branches": 0,
                        "num_partial_branches": 0,
                        "covered_branches": 0,
                        "missing_branches": 0
                    },
                    "missing_lines": [
                        46,
                        48,
                        49,
                        50,
                        51,
                        52,
                        53
                    ],
                    "excluded_lines": [],
                    "executed_branches": [],
                    "missing_branches": []
                },
                "updatePassword": {
                    "executed_lines": [],
                    "summary": {
                        "covered_lines": 0,
                        "num_statements": 18,
                        "percent_covered": 0.0,
                        "percent_covered_display": "0",
                        "missing_lines": 18,
                        "excluded_lines": 0,
                        "num_branches": 0,
                        "num_partial_branches": 0,
                        "covered_branches": 0,
                        "missing_branches": 0
                    },
                    "missing_lines": [
                        57,
                        58,
                        60,
                        61,
                        62,
                        65,
                        66,
                        67,
                        68,
                        69,
                        71,
                        72,
                        73,
                        74,
                        76,
                        77,
                        78,
                        79
                    ],
                    "excluded_lines": [],
                    "executed_branches": [],
                    "missing_branches": []
                },
                "main": {
                    "executed_lines": [],
                    "summary": {
                        "covered_lines": 0,
                        "num_statements": 22,
                        "percent_covered": 0.0,
                        "percent_covered_display": "0",
                        "missing_lines": 22,
                        "excluded_lines": 0,
                        "num_branches": 8,
                        "num_partial_branches": 0,
                        "covered_branches": 0,
                        "missing_branches": 8
                    },
                    "missing_lines": [
                        82,
                        87,
                        88,
                        89,
                        91,
                        92,
                        94,
                        95,
                        96,
                        97,
                        98,
                        100,
                        109,
                        110,
                        111,
                        113,
                        114,
                        115,
                        116,
                        118,
                        120,
                        121
                    ],
                    "excluded_lines": [],
                    "executed_branches": [],
                    "missing_branches": [
                        [
                            87,
                            88
                        ],
                        [
                            87,
                            91
                        ],
                        [
                            94,
                            95
                        ],
                        [
                            94,
                            120
                        ],
                        [
                            110,
                            111
                        ],
                        [
                            110,
                            113
                        ],
                        [
                            114,
                            115
                        ],
                        [
                            114,
                            118
                        ]
                    ]
                },
                "": {
                    "executed_lines": [],
                    "summary": {
                        "covered_lines": 0,
                        "num_statements": 15,
                        "percent_covered": 0.0,
                        "percent_covered_display": "0",
                        "missing_lines": 15,
                        "excluded_lines": 0,
                        "num_branches": 2,
                        "num_partial_branches": 0,
                        "covered_branches": 0,
                        "missing_branches": 2
                    },
                    "missing_lines": [
                        3,
                        4,
                        5,
                        6,
                        7,
                        8,
                        10,
                        12,
                        16,
                        28,
                        44,
                        55,
                        81,
                        123,
                        124
                    ],
                    "excluded_lines": [],
                    "executed_branches": [],
                    "missing_branches": [
                        [
                            123,
                            -1
                        ],
                        [
                            123,
                            124
                        ]
                    ]
                }
            },
            "classes": {
                "": {
                    "executed_lines": [],
                    "summary": {
                        "covered_lines": 0,
                        "num_statements": 83,
                        "percent_covered": 0.0,
                        "percent_covered_display": "0",
                        "missing_lines": 83,
                        "excluded_lines": 0,
                        "num_branches": 18,
                        "num_partial_branches": 0,
                        "covered_branches": 0,
                        "missing_branches": 18
                    },
                    "missing_lines": [
                        3,
                        4,
                        5,
                        6,
                        7,
                        8,
                        10,
                        12,
                        14,
                        16,
                        18,
                        19,
                        20,
                        21,
                        22,
                        23,
                        24,
                        25,
                        26,
                        28,
                        30,
                        31,
                        32,
                        33,
                        35,
                        36,
                        37,
                        39,
                        40,
                        41,
                        42,
                        44,
                        46,
                        48,
                        49,
                        50,
                        51,
                        52,
                        53,
                        55,
                        57,
                        58,
                        60,
                        61,
                        62,
                        65,
                        66,
                        67,
                        68,
                        69,
                        71,
                        72,
                        73,
                        74,
                        76,
                        77,
                        78,
                        79,
                        81,
                        82,
                        87,
                        88,
                        89,
                        91,
                        92,
                        94,
                        95,
                        96,
                        97,
                        98,
                        100,
                        109,
                        110,
                        111,
                        113,
                        114,
                        115,
                        116,
                        118,
                        120,
                        121,
                        123,
                        124
                    ],
                    "excluded_lines": [],
                    "executed_branches": [],
                    "missing_branches": [
                        [
                            22,
                            23
                        ],
                        [
                            22,
                            24
                        ],
                        [
                            24,
                            25
                        ],
                        [
                            24,
                            26
                        ],
                        [
                            35,
                            36
                        ],
                        [
                            35,
                            39
                        ],
                        [
                            36,
                            35
                        ],
                        [
                            36,
                            37
                        ],
                        [
                            87,
                            88
                        ],
                        [
                            87,
                            91
                        ],
                        [
                            94,
                            95
                        ],
                        [
                            94,
                            120
                        ],
                        [
                            110,
                            111
                        ],
                        [
                            110,
                            113
                        ],
                        [
                            114,
                            115
                        ],
                        [
                            114,
                            118
                        ],
                        [
                            123,
                            -1
                        ],
                        [
                            123,
                            124
                        ]
                    ]
                }
            }
        }
    },
    "totals": {
        "covered_lines": 33,
        "num_statements": 436,
        "percent_covered": 7.142857142857143,
        "percent_covered_display": "7",
        "missing_lines": 403,
        "excluded_lines": 0,
        "num_branches": 110,
        "num_partial_branches": 4,
        "covered_branches": 6,
        "missing_branches": 104
    }
}